{
  "RSpec": {
    "coverage": {
      "/Users/student/Projects/theresa/app/helpers/application_helper.rb": {
        "lines": [
          1,
          null
        ]
      },
      "/Users/student/Projects/theresa/app/helpers/walks_helper.rb": {
        "lines": [
          1,
          null
        ]
      },
      "/Users/student/Projects/theresa/app/models/walk.rb": {
        "lines": [
          1,
          1,
          1,
          null,
          null
        ]
      },
      "/Users/student/Projects/theresa/app/models/application_record.rb": {
        "lines": [
          1,
          1,
          null
        ]
      },
      "/Users/student/Projects/theresa/app/controllers/application_controller.rb": {
        "lines": [
          1,
          null
        ]
      },
      "/Users/student/Projects/theresa/app/controllers/walks_controller.rb": {
        "lines": [
          1,
          1,
          1,
          null,
          null,
          1,
          1,
          1,
          null,
          null,
          1,
          1,
          null,
          null,
          1,
          1,
          1,
          1,
          null,
          null,
          1,
          1,
          1,
          null,
          null
        ]
      },
      "/Users/student/Projects/theresa/app/mailers/application_mailer.rb": {
        "lines": [
          0,
          0,
          0,
          0
        ],
        "branches": {
        }
      },
      "/Users/student/Projects/theresa/app/jobs/application_job.rb": {
        "lines": [
          0,
          null,
          null,
          null,
          null,
          null,
          0
        ],
        "branches": {
        }
      },
      "/Users/student/Projects/theresa/app/channels/application_cable/connection.rb": {
        "lines": [
          0,
          0,
          0,
          0
        ],
        "branches": {
        }
      },
      "/Users/student/Projects/theresa/app/channels/application_cable/channel.rb": {
        "lines": [
          0,
          0,
          0,
          0
        ],
        "branches": {
        }
      }
    },
    "timestamp": 1597917139
  }
}
